<?xml version="1.0" encoding="UTF-8"?>
<testng-results ignored="0" total="1" passed="1" failed="0" skipped="0">
  <reporter-output>
  </reporter-output>
  <suite started-at="2021-09-20T17:15:35 IST" name="Default suite" finished-at="2021-09-20T17:16:21 IST" duration-ms="45569">
    <groups>
    </groups>
    <test started-at="2021-09-20T17:15:35 IST" name="Default test" finished-at="2021-09-20T17:16:21 IST" duration-ms="45569">
      <class name="testcases.ClassMain">
        <test-method signature="Launch()[pri:0, instance:testcases.ClassMain@2df9b86]" started-at="2021-09-20T17:15:35 IST" name="Launch" finished-at="2021-09-20T17:16:21 IST" duration-ms="45474" status="PASS">
          <reporter-output>
          </reporter-output>
        </test-method> <!-- Launch -->
      </class> <!-- testcases.ClassMain -->
    </test> <!-- Default test -->
  </suite> <!-- Default suite -->
</testng-results>
